<?xml version="1.0" encoding="UTF-8"?>
<testng-results skipped="0" failed="0" ignored="0" total="1" passed="1">
  <reporter-output>
  </reporter-output>
  <suite name="Suite" duration-ms="40620" started-at="2018-05-18T05:56:13Z" finished-at="2018-05-18T05:56:54Z">
    <groups>
    </groups>
    <test name="chrome Test" duration-ms="40620" started-at="2018-05-18T05:56:13Z" finished-at="2018-05-18T05:56:54Z">
      <class name="Mavenprjct.Finanace.ManyLink">
        <test-method status="PASS" signature="startProcess(java.lang.String)[pri:0, instance:Mavenprjct.Finanace.ManyLink@670b40af]" name="startProcess" is-config="true" duration-ms="40584" started-at="2018-05-18T05:56:13Z" finished-at="2018-05-18T05:56:54Z">
          <params>
            <param index="0">
              <value>
                <![CDATA[chrome]]>
              </value>
            </param>
          </params>
          <reporter-output>
          </reporter-output>
        </test-method> <!-- startProcess -->
        <test-method status="PASS" signature="singleLink()[pri:0, instance:Mavenprjct.Finanace.ManyLink@670b40af]" name="singleLink" duration-ms="7" started-at="2018-05-18T05:56:54Z" finished-at="2018-05-18T05:56:54Z">
          <reporter-output>
          </reporter-output>
        </test-method> <!-- singleLink -->
        <test-method status="PASS" signature="endProcess()[pri:0, instance:Mavenprjct.Finanace.ManyLink@670b40af]" name="endProcess" is-config="true" duration-ms="1" started-at="2018-05-18T05:56:54Z" finished-at="2018-05-18T05:56:54Z">
          <reporter-output>
          </reporter-output>
        </test-method> <!-- endProcess -->
      </class> <!-- Mavenprjct.Finanace.ManyLink -->
    </test> <!-- chrome Test -->
  </suite> <!-- Suite -->
</testng-results>
